Arguments: 
  /Users/jmvc/.nvm/versions/node/v14.15.1/bin/node /Users/jmvc/.yvm/versions/v1.22.5/bin/yarn.js add -D @truffle/hdwallet-providerrollup eslint eslint-plugin-unicorn prettier prettier-plugin-solidity

PATH: 
  /Users/jmvc/.nix-profile/bin:/Users/jmvc/.cabal/bin:/Users/jmvc/.ghcup/bin:/Users/jmvc/.yvm/shim:/Users/jmvc/Desktop/google-cloud-sdk/bin:/Users/jmvc/bin:/usr/local/bin:/Users/jmvc/.nvm/versions/node/v14.15.1/bin:/usr/local/bin:/usr/bin:/bin:/usr/sbin:/sbin:/usr/local/share/npm/bin:/usr/local/pgsql/bin:/usr/local/go/bin:/Library/Apple/usr/bin:/Users/jmvc/Library/Android/sdk/emulator:/Users/jmvc/Library/Android/sdk/tools:/Users/jmvc/Library/Android/sdk/tools/bin:/Users/jmvc/Library/Android/sdk/platform-tools:/Users/jmvc/.local/bin:/usr/local/go/bin

Yarn version: 
  1.22.5

Node version: 
  14.15.1

Platform: 
  darwin x64

Trace: 
  Error: https://registry.yarnpkg.com/@truffle%2fhdwallet-providerrollup: Not found
      at Request.params.callback [as _callback] (/Users/jmvc/.yvm/versions/v1.22.5/lib/cli.js:66988:18)
      at Request.self.callback (/Users/jmvc/.yvm/versions/v1.22.5/lib/cli.js:140749:22)
      at Request.emit (events.js:315:20)
      at Request.<anonymous> (/Users/jmvc/.yvm/versions/v1.22.5/lib/cli.js:141721:10)
      at Request.emit (events.js:315:20)
      at IncomingMessage.<anonymous> (/Users/jmvc/.yvm/versions/v1.22.5/lib/cli.js:141643:12)
      at Object.onceWrapper (events.js:421:28)
      at IncomingMessage.emit (events.js:327:22)
      at endReadableNT (_stream_readable.js:1327:12)
      at processTicksAndRejections (internal/process/task_queues.js:80:21)

npm manifest: 
  {
    "name": "doge-viking-token",
    "version": "1.0.0",
    "description": "ERC-20 with deflationary and vesting mechanism",
    "main": "index.js",
    "author": "thor",
    "license": "MIT",
    "private": false
  }

yarn manifest: 
  No manifest

Lockfile: 
  No lockfile
